2025-08-25T18:28:46Z INF Loading spec(s) args=["TestConfig.yaml"] invocation_id=3a775c04-4c5b-4723-a33d-47ce6d8f832b module=cli
2025-08-25T18:28:47Z WRN Plugin is outdated, consider upgrading to the latest version. invocation_id=3a775c04-4c5b-4723-a33d-47ce6d8f832b latest_version=2.12.0 module=cli plugin=sqlite url=https://hub.cloudquery.io/plugins/destination/cloudquery/sqlite using_version=2.4.11
2025-08-25T18:28:50Z INF Plugin server listening address=/var/folders/tj/vvd2phss5bs7nm558w3bt5vm0000gn/T/cq-sjBKCBmNRjiczsZu.sock
2025-08-25T18:28:50Z INF started call grpc.component=server grpc.method=GetVersions grpc.method_type=unary grpc.service=cloudquery.discovery.v1.Discovery grpc.start_time=2025-08-25T14:28:50-04:00 grpc.time_ms=0.333 peer.address= protocol=grpc
2025-08-25T18:28:50Z INF finished call grpc.code=OK grpc.component=server grpc.method=GetVersions grpc.method_type=unary grpc.service=cloudquery.discovery.v1.Discovery grpc.start_time=2025-08-25T14:28:50-04:00 grpc.time_ms=0.403 peer.address= protocol=grpc
2025-08-25T18:28:50Z INF Start sync destinations=["sqlite (cloudquery/sqlite@v2.4.11)"] invocation_id=3a775c04-4c5b-4723-a33d-47ce6d8f832b module=cli source="tarot-cards (grpc@localhost:7777)" sync_time=2025-08-25T18:28:50Z transformers=[]
2025-08-25T18:28:50Z INF started call grpc.component=server grpc.method=Init grpc.method_type=unary grpc.service=cloudquery.plugin.v3.Plugin grpc.start_time=2025-08-25T14:28:50-04:00 grpc.time_ms=0.007 peer.address= protocol=grpc
2025-08-25T18:28:50Z INF finished call grpc.code=OK grpc.component=server grpc.method=Init grpc.method_type=unary grpc.service=cloudquery.plugin.v3.Plugin grpc.start_time=2025-08-25T14:28:50-04:00 grpc.time_ms=0.346 peer.address= protocol=grpc
2025-08-25T18:28:50Z INF Start fetching resources destinations=["sqlite (cloudquery/sqlite@v2.4.11)"] invocation_id=3a775c04-4c5b-4723-a33d-47ce6d8f832b module=cli source="tarot-cards (grpc@localhost:7777)"
2025-08-25T18:28:50Z INF started call grpc.component=server grpc.method=Write grpc.method_type=client_stream grpc.service=cloudquery.plugin.v3.Plugin grpc.start_time=2025-08-25T14:28:50-04:00 grpc.time_ms=3.137 peer.address= protocol=grpc
2025-08-25T18:28:50Z INF Migrating table module=sqlite-dest table=tarot_cards
2025-08-25T18:28:51Z INF Sync summary invocation_id=3a775c04-4c5b-4723-a33d-47ce6d8f832b module=cli summary={"cli_version":"6.27.0","destination_errors":0,"destination_name":"sqlite","destination_path":"cloudquery/sqlite","destination_version":"v2.4.11","destination_warnings":0,"errors_per_table":{"tarot_cards":0},"resources":1,"resources_per_table":{"tarot_cards":1},"source_errors":0,"source_name":"tarot-cards","source_path":"localhost:7777","source_tables":["tarot_cards"],"source_version":"","source_warnings":0,"sync_id":"3a775c04-4c5b-4723-a33d-47ce6d8f832b","sync_time":"2025-08-25T18:28:50.80688Z"}
2025-08-25T18:28:51Z INF finished call grpc.code=OK grpc.component=server grpc.method=Write grpc.method_type=client_stream grpc.service=cloudquery.plugin.v3.Plugin grpc.start_time=2025-08-25T14:28:50-04:00 grpc.time_ms=1046.95 peer.address= protocol=grpc
2025-08-25T18:28:51Z INF started call grpc.component=server grpc.method=Close grpc.method_type=unary grpc.service=cloudquery.plugin.v3.Plugin grpc.start_time=2025-08-25T14:28:51-04:00 grpc.time_ms=0.006 peer.address= protocol=grpc
2025-08-25T18:28:51Z INF finished call grpc.code=OK grpc.component=server grpc.method=Close grpc.method_type=unary grpc.service=cloudquery.plugin.v3.Plugin grpc.start_time=2025-08-25T14:28:51-04:00 grpc.time_ms=0.188 peer.address= protocol=grpc
2025-08-25T18:28:51Z INF Sync summary duration=1s errors=0 invocation_id=3a775c04-4c5b-4723-a33d-47ce6d8f832b module=cli resources=1 result="Sync completed successfully" warnings=0
2025-08-25T18:28:51Z INF End sync destinations=["sqlite (cloudquery/sqlite@v2.4.11)"] invocation_id=3a775c04-4c5b-4723-a33d-47ce6d8f832b module=cli source="tarot-cards (grpc@localhost:7777)" sync_time=2025-08-25T18:28:50Z transformers=[]
2025-08-25T18:28:51Z INF Sending sync summary to analyticsv1.cloudquery.io:443 invocation_id=3a775c04-4c5b-4723-a33d-47ce6d8f832b module=cli
2025-08-25T18:28:51Z INF waiting for source plugin to terminate invocation_id=3a775c04-4c5b-4723-a33d-47ce6d8f832b module=cli
2025-08-25T18:28:51Z INF Got stop signal. Plugin server shutting down address=/var/folders/tj/vvd2phss5bs7nm558w3bt5vm0000gn/T/cq-sjBKCBmNRjiczsZu.sock signal=interrupt
